<?xml version="1.0" encoding="UTF-8"?>
<!-- Generated by org.testng.reporters.JUnitReportReporter -->
<testsuite skipped="0" hostname="DESKTOP-8BD0QAM" name="testcases.TC003_Add_User" tests="1" failures="0" timestamp="19 Dec 2022 19:24:24 GMT" time="2.448" errors="0">
  <testcase name="adduser" time="2.448" classname="testcases.TC003_Add_User"/>
</testsuite> <!-- testcases.TC003_Add_User -->
