<?xml version="1.0" encoding="UTF-8"?>
<!-- Generated by org.testng.reporters.JUnitReportReporter -->
<testsuite skipped="0" hostname="DESKTOP-8BD0QAM" name="testcases.TC004_Update_User" tests="1" failures="0" timestamp="14 Dec 2022 19:34:23 GMT" time="3.367" errors="0">
  <testcase name="updateuser" time="3.367" classname="testcases.TC004_Update_User"/>
</testsuite> <!-- testcases.TC004_Update_User -->
