<?xml version="1.0" encoding="UTF-8"?>
<!-- Generated by org.testng.reporters.JUnitReportReporter -->
<testsuite skipped="0" hostname="DESKTOP-8BD0QAM" name="testcases.TC001_Get_All_Users" tests="1" failures="0" timestamp="15 Dec 2022 19:23:01 GMT" time="2.922" errors="0">
  <testcase name="getAllUsers" time="2.922" classname="testcases.TC001_Get_All_Users"/>
</testsuite> <!-- testcases.TC001_Get_All_Users -->
