<?xml version="1.0" encoding="UTF-8"?>
<!-- Generated by org.testng.reporters.JUnitReportReporter -->
<testsuite skipped="0" hostname="DESKTOP-8BD0QAM" name="testcases.TC002_Get_Single_user" tests="1" failures="0" timestamp="14 Dec 2022 19:31:44 GMT" time="2.372" errors="0">
  <testcase name="getsingleuser" time="2.372" classname="testcases.TC002_Get_Single_user"/>
</testsuite> <!-- testcases.TC002_Get_Single_user -->
