<?xml version="1.0" encoding="UTF-8"?>
<!-- Generated by org.testng.reporters.JUnitReportReporter -->
<testsuite skipped="0" hostname="DESKTOP-8BD0QAM" name="testcases.TC005_Delete_Record" tests="1" failures="0" timestamp="14 Dec 2022 19:35:46 GMT" time="2.263" errors="0">
  <testcase name="deleteuser" time="2.263" classname="testcases.TC005_Delete_Record"/>
</testsuite> <!-- testcases.TC005_Delete_Record -->
