<?xml version="1.0" encoding="UTF-8"?>
<!-- Generated by org.testng.reporters.JUnitReportReporter -->
<testsuite skipped="0" hostname="DESKTOP-8BD0QAM" name="testcases.TC001_Get_All_Users" tests="1" failures="0" timestamp="2022-12-16T01:04:00 IST" time="0.068" errors="0">
  <testcase name="getAllUsers" time="0.068" classname="testcases.TC001_Get_All_Users"/>
  <system-out/>
</testsuite> <!-- testcases.TC001_Get_All_Users -->
