<?xml version="1.0" encoding="UTF-8"?>
<!-- Generated by org.testng.reporters.JUnitReportReporter -->
<testsuite skipped="0" hostname="DESKTOP-8BD0QAM" name="testcases.TC003_Add_User" tests="1" failures="0" timestamp="2022-12-16T01:04:00 IST" time="0.089" errors="0">
  <testcase name="adduser" time="0.089" classname="testcases.TC003_Add_User"/>
  <system-out/>
</testsuite> <!-- testcases.TC003_Add_User -->
