<?xml version="1.0" encoding="UTF-8"?>
<!-- Generated by org.testng.reporters.JUnitReportReporter -->
<testsuite skipped="0" hostname="DESKTOP-8BD0QAM" name="testcases.TC002_Get_Single_user" tests="1" failures="0" timestamp="2022-12-16T01:04:00 IST" time="0.053" errors="0">
  <testcase name="getsingleuser" time="0.053" classname="testcases.TC002_Get_Single_user"/>
  <system-out/>
</testsuite> <!-- testcases.TC002_Get_Single_user -->
